<?xml version="1.0" encoding="UTF-8"?>
<!-- Generated by org.testng.reporters.JUnitReportReporter -->
<testsuite hostname="CATL0XWAS00324" name="com.qa.test.TestGetcall" tests="1" failures="0" timestamp="28 Jun 2018 13:33:24 GMT" time="27.304" errors="0">
  <testcase name="getTest" time="27.304" classname="com.qa.test.TestGetcall"/>
</testsuite> <!-- com.qa.test.TestGetcall -->
